Arguments: 
  C:\Program Files\nodejs\node.exe C:\Program Files (x86)\Yarn\bin\yarn.js add cookie-parser

PATH: 
  C:\Program Files\Git\mingw64\bin;C:\Program Files\Git\usr\bin;C:\Users\User\bin;C:\Python38\Scripts;C:\Python38;C:\WINDOWS\system32;C:\WINDOWS;C:\WINDOWS\System32\Wbem;C:\WINDOWS\System32\WindowsPowerShell\v1.0;C:\WINDOWS\System32\OpenSSH;C:\Program Files (x86)\Brackets\command;C:\ProgramData\chocolatey\bin;C:\Program Files (x86)\Yarn\bin;C:\Program Files\Git\cmd;C:\Program Files\nodejs;C:\Program Files\PostgreSQL\13\bin;C:\Program Files\PostgreSQL\13\lib;C:\Users\User\AppData\Local\Microsoft\WindowsApps;C:\Users\User\AppData\Local\Programs\Microsoft VS Code\bin;C:\Users\User\AppData\Local\Yarn\bin;C:\Users\User\AppData\Roaming\npm

Yarn version: 
  1.22.4

Node version: 
  14.15.1

Platform: 
  win32 x64

Trace: 
  Error: EPERM: operation not permitted, unlink 'C:\Users\User\Documents\BLOGAPP-MERNT-master\node_modules\bcrypt\lib\binding\napi-v3\bcrypt_lib.node'

npm manifest: 
  {
    "name": "api",
    "version": "1.0.0",
    "description": "",
    "main": "src/server.ts",
    "scripts": {
      "build": "rm -rf build && prettier --write src/ && tsc"
    },
    "author": "",
    "license": "ISC",
    "dependencies": {
      "bcrypt": "^5.0.0",
      "body-parser": "^1.19.0",
      "config": "^3.3.3",
      "dotenv": "^8.2.0",
      "express": "^4.17.1",
      "express-validator": "^6.9.2",
      "gravatar": "^1.8.1",
      "jsonwebtoken": "^8.5.1",
      "mongoose": "^5.11.10",
      "multer": "^1.4.2",
      "nodemon": "^2.0.6",
      "prettier": "^2.2.1",
      "ts-node": "^9.1.1",
      "typescript": "^4.1.3"
    },
    "devDependencies": {
      "@types/bcrypt": "^3.0.0",
      "@types/body-parser": "^1.19.0",
      "@types/config": "0.0.37",
      "@types/dotenv": "^8.2.0",
      "@types/express": "^4.17.9",
      "@types/gravatar": "^1.8.1",
      "@types/jsonwebtoken": "^8.5.0",
      "@types/mongodb": "^3.6.3",
      "@types/multer": "^1.4.5"
    }
  }

yarn manifest: 
  No manifest

Lockfile: 
  No lockfile
